<?xml version="1.0" encoding="UTF-8"?>
<!-- Generated by org.testng.reporters.JUnitXMLReporter -->
<testsuite hostname="Srujana" ignored="0" name="Default test" tests="2" failures="0" timestamp="07 Apr 2018 15:54:13 GMT" time="79.4" errors="0">
  <testcase name="createlead" time="42.572" classname="seleniumweek2day1classwork.CreateLeadDataProvider"/>
  <testcase name="createlead" time="36.685" classname="seleniumweek2day1classwork.CreateLeadDataProvider"/>
</testsuite> <!-- Default test -->
